2025-04-15 14:41:09.107 [main] INFO  ApplicationTest - Starting ApplicationTest using Java 17.0.14 with PID 20416 (started by 14014 in D:\IdeaProjects\teakWeb\blog_admin)
2025-04-15 14:41:09.107 [main] INFO  ApplicationTest - Starting ApplicationTest using Java 17.0.14 with PID 20416 (started by 14014 in D:\IdeaProjects\teakWeb\blog_admin)
2025-04-15 14:41:09.111 [main] INFO  ApplicationTest - The following 1 profile is active: "dev"
2025-04-15 14:41:09.111 [main] INFO  ApplicationTest - The following 1 profile is active: "dev"
2025-04-15 14:41:10.030 [main] INFO  o.s.d.r.config.RepositoryConfigurationDelegate - Multiple Spring Data modules found, entering strict repository configuration mode
2025-04-15 14:41:10.030 [main] INFO  o.s.d.r.config.RepositoryConfigurationDelegate - Multiple Spring Data modules found, entering strict repository configuration mode
2025-04-15 14:41:10.034 [main] INFO  o.s.d.r.config.RepositoryConfigurationDelegate - Bootstrapping Spring Data Redis repositories in DEFAULT mode.
2025-04-15 14:41:10.034 [main] INFO  o.s.d.r.config.RepositoryConfigurationDelegate - Bootstrapping Spring Data Redis repositories in DEFAULT mode.
2025-04-15 14:41:10.097 [main] INFO  o.s.d.r.config.RepositoryConfigurationDelegate - Finished Spring Data repository scanning in 32 ms. Found 0 Redis repository interfaces.
2025-04-15 14:41:10.097 [main] INFO  o.s.d.r.config.RepositoryConfigurationDelegate - Finished Spring Data repository scanning in 32 ms. Found 0 Redis repository interfaces.
2025-04-15 14:41:11.890 [main] INFO  o.s.boot.web.embedded.tomcat.TomcatWebServer - Tomcat initialized with port(s): 0 (http)
2025-04-15 14:41:11.890 [main] INFO  o.s.boot.web.embedded.tomcat.TomcatWebServer - Tomcat initialized with port(s): 0 (http)
2025-04-15 14:41:11.917 [main] INFO  org.apache.coyote.http11.Http11NioProtocol - Initializing ProtocolHandler ["http-nio-0.0.0.0-auto-1"]
2025-04-15 14:41:11.917 [main] INFO  org.apache.coyote.http11.Http11NioProtocol - Initializing ProtocolHandler ["http-nio-0.0.0.0-auto-1"]
2025-04-15 14:41:11.919 [main] INFO  org.apache.catalina.core.StandardService - Starting service [Tomcat]
2025-04-15 14:41:11.919 [main] INFO  org.apache.catalina.core.StandardService - Starting service [Tomcat]
2025-04-15 14:41:11.920 [main] INFO  org.apache.catalina.core.StandardEngine - Starting Servlet engine: [Apache Tomcat/10.1.7]
2025-04-15 14:41:11.920 [main] INFO  org.apache.catalina.core.StandardEngine - Starting Servlet engine: [Apache Tomcat/10.1.7]
2025-04-15 14:41:12.113 [main] INFO  o.a.c.core.ContainerBase.[Tomcat].[localhost].[/] - Initializing Spring embedded WebApplicationContext
2025-04-15 14:41:12.113 [main] INFO  o.a.c.core.ContainerBase.[Tomcat].[localhost].[/] - Initializing Spring embedded WebApplicationContext
2025-04-15 14:41:12.116 [main] INFO  o.s.b.w.s.c.ServletWebServerApplicationContext - Root WebApplicationContext: initialization completed in 2985 ms
2025-04-15 14:41:12.116 [main] INFO  o.s.b.w.s.c.ServletWebServerApplicationContext - Root WebApplicationContext: initialization completed in 2985 ms
2025-04-15 14:41:12.802 [main] INFO  com.teak.blog.config.MybatisPlusAutoInsert - ✅ MyBatis Plus 自动填充处理器已注册
2025-04-15 14:41:12.802 [main] INFO  com.teak.blog.config.MybatisPlusAutoInsert - ✅ MyBatis Plus 自动填充处理器已注册
2025-04-15 14:41:13.540 [main] INFO  org.apache.coyote.http11.Http11NioProtocol - Starting ProtocolHandler ["http-nio-0.0.0.0-auto-1"]
2025-04-15 14:41:13.540 [main] INFO  org.apache.coyote.http11.Http11NioProtocol - Starting ProtocolHandler ["http-nio-0.0.0.0-auto-1"]
2025-04-15 14:41:13.603 [main] INFO  o.s.boot.web.embedded.tomcat.TomcatWebServer - Tomcat started on port(s): 4761 (http) with context path ''
2025-04-15 14:41:13.603 [main] INFO  o.s.boot.web.embedded.tomcat.TomcatWebServer - Tomcat started on port(s): 4761 (http) with context path ''
2025-04-15 14:41:13.738 [main] INFO  ApplicationTest - Started ApplicationTest in 5.076 seconds (process running for 5.955)
2025-04-15 14:41:13.738 [main] INFO  ApplicationTest - Started ApplicationTest in 5.076 seconds (process running for 5.955)
2025-04-15 14:41:14.853 [main] INFO  ApplicationTest - target:ApplicationTest$TestEntity@24d097c8
2025-04-15 14:41:14.853 [main] INFO  ApplicationTest - target:ApplicationTest$TestEntity@24d097c8
2025-04-15 14:44:19.325 [main] INFO  ApplicationTest - Starting ApplicationTest using Java 17.0.14 with PID 28460 (started by 14014 in D:\IdeaProjects\teakWeb\blog_admin)
2025-04-15 14:44:19.325 [main] INFO  ApplicationTest - Starting ApplicationTest using Java 17.0.14 with PID 28460 (started by 14014 in D:\IdeaProjects\teakWeb\blog_admin)
2025-04-15 14:44:19.326 [main] INFO  ApplicationTest - The following 1 profile is active: "dev"
2025-04-15 14:44:19.326 [main] INFO  ApplicationTest - The following 1 profile is active: "dev"
2025-04-15 14:44:20.145 [main] INFO  o.s.d.r.config.RepositoryConfigurationDelegate - Multiple Spring Data modules found, entering strict repository configuration mode
2025-04-15 14:44:20.145 [main] INFO  o.s.d.r.config.RepositoryConfigurationDelegate - Multiple Spring Data modules found, entering strict repository configuration mode
2025-04-15 14:44:20.148 [main] INFO  o.s.d.r.config.RepositoryConfigurationDelegate - Bootstrapping Spring Data Redis repositories in DEFAULT mode.
2025-04-15 14:44:20.148 [main] INFO  o.s.d.r.config.RepositoryConfigurationDelegate - Bootstrapping Spring Data Redis repositories in DEFAULT mode.
2025-04-15 14:44:20.191 [main] INFO  o.s.d.r.config.RepositoryConfigurationDelegate - Finished Spring Data repository scanning in 25 ms. Found 0 Redis repository interfaces.
2025-04-15 14:44:20.191 [main] INFO  o.s.d.r.config.RepositoryConfigurationDelegate - Finished Spring Data repository scanning in 25 ms. Found 0 Redis repository interfaces.
2025-04-15 14:44:21.687 [main] INFO  o.s.boot.web.embedded.tomcat.TomcatWebServer - Tomcat initialized with port(s): 0 (http)
2025-04-15 14:44:21.687 [main] INFO  o.s.boot.web.embedded.tomcat.TomcatWebServer - Tomcat initialized with port(s): 0 (http)
2025-04-15 14:44:21.704 [main] INFO  org.apache.coyote.http11.Http11NioProtocol - Initializing ProtocolHandler ["http-nio-0.0.0.0-auto-1"]
2025-04-15 14:44:21.704 [main] INFO  org.apache.coyote.http11.Http11NioProtocol - Initializing ProtocolHandler ["http-nio-0.0.0.0-auto-1"]
2025-04-15 14:44:21.708 [main] INFO  org.apache.catalina.core.StandardService - Starting service [Tomcat]
2025-04-15 14:44:21.708 [main] INFO  org.apache.catalina.core.StandardService - Starting service [Tomcat]
2025-04-15 14:44:21.709 [main] INFO  org.apache.catalina.core.StandardEngine - Starting Servlet engine: [Apache Tomcat/10.1.7]
2025-04-15 14:44:21.709 [main] INFO  org.apache.catalina.core.StandardEngine - Starting Servlet engine: [Apache Tomcat/10.1.7]
2025-04-15 14:44:21.864 [main] INFO  o.a.c.core.ContainerBase.[Tomcat].[localhost].[/] - Initializing Spring embedded WebApplicationContext
2025-04-15 14:44:21.864 [main] INFO  o.a.c.core.ContainerBase.[Tomcat].[localhost].[/] - Initializing Spring embedded WebApplicationContext
2025-04-15 14:44:21.865 [main] INFO  o.s.b.w.s.c.ServletWebServerApplicationContext - Root WebApplicationContext: initialization completed in 2520 ms
2025-04-15 14:44:21.865 [main] INFO  o.s.b.w.s.c.ServletWebServerApplicationContext - Root WebApplicationContext: initialization completed in 2520 ms
2025-04-15 14:44:22.351 [main] INFO  com.teak.blog.config.MybatisPlusAutoInsert - ✅ MyBatis Plus 自动填充处理器已注册
2025-04-15 14:44:22.351 [main] INFO  com.teak.blog.config.MybatisPlusAutoInsert - ✅ MyBatis Plus 自动填充处理器已注册
2025-04-15 14:44:22.977 [main] INFO  org.apache.coyote.http11.Http11NioProtocol - Starting ProtocolHandler ["http-nio-0.0.0.0-auto-1"]
2025-04-15 14:44:22.977 [main] INFO  org.apache.coyote.http11.Http11NioProtocol - Starting ProtocolHandler ["http-nio-0.0.0.0-auto-1"]
2025-04-15 14:44:22.999 [main] INFO  o.s.boot.web.embedded.tomcat.TomcatWebServer - Tomcat started on port(s): 5125 (http) with context path ''
2025-04-15 14:44:22.999 [main] INFO  o.s.boot.web.embedded.tomcat.TomcatWebServer - Tomcat started on port(s): 5125 (http) with context path ''
2025-04-15 14:44:23.057 [main] INFO  ApplicationTest - Started ApplicationTest in 4.239 seconds (process running for 5.544)
2025-04-15 14:44:23.057 [main] INFO  ApplicationTest - Started ApplicationTest in 4.239 seconds (process running for 5.544)
2025-04-15 14:44:23.980 [main] INFO  ApplicationTest - target.getName:John
2025-04-15 14:44:23.980 [main] INFO  ApplicationTest - target.getName:John
2025-04-15 14:44:23.982 [main] INFO  ApplicationTest - target.getAge:20
2025-04-15 14:44:23.982 [main] INFO  ApplicationTest - target.getAge:20
2025-04-15 14:44:23.982 [main] INFO  ApplicationTest - target.getIsAdmin:true
2025-04-15 14:44:23.982 [main] INFO  ApplicationTest - target.getIsAdmin:true
2025-04-15 14:44:23.982 [main] INFO  ApplicationTest - target.getExistingField:original
2025-04-15 14:44:23.982 [main] INFO  ApplicationTest - target.getExistingField:original
2025-04-15 14:59:43.560 [main] INFO  ApplicationTest - Starting ApplicationTest using Java 17.0.14 with PID 31124 (started by 14014 in D:\IdeaProjects\teakWeb\blog_admin)
2025-04-15 14:59:43.560 [main] INFO  ApplicationTest - Starting ApplicationTest using Java 17.0.14 with PID 31124 (started by 14014 in D:\IdeaProjects\teakWeb\blog_admin)
2025-04-15 14:59:43.561 [main] INFO  ApplicationTest - The following 1 profile is active: "dev"
2025-04-15 14:59:43.561 [main] INFO  ApplicationTest - The following 1 profile is active: "dev"
2025-04-15 14:59:44.682 [main] INFO  o.s.d.r.config.RepositoryConfigurationDelegate - Multiple Spring Data modules found, entering strict repository configuration mode
2025-04-15 14:59:44.682 [main] INFO  o.s.d.r.config.RepositoryConfigurationDelegate - Multiple Spring Data modules found, entering strict repository configuration mode
2025-04-15 14:59:44.686 [main] INFO  o.s.d.r.config.RepositoryConfigurationDelegate - Bootstrapping Spring Data Redis repositories in DEFAULT mode.
2025-04-15 14:59:44.686 [main] INFO  o.s.d.r.config.RepositoryConfigurationDelegate - Bootstrapping Spring Data Redis repositories in DEFAULT mode.
2025-04-15 14:59:44.739 [main] INFO  o.s.d.r.config.RepositoryConfigurationDelegate - Finished Spring Data repository scanning in 24 ms. Found 0 Redis repository interfaces.
2025-04-15 14:59:44.739 [main] INFO  o.s.d.r.config.RepositoryConfigurationDelegate - Finished Spring Data repository scanning in 24 ms. Found 0 Redis repository interfaces.
2025-04-15 14:59:46.536 [main] INFO  o.s.boot.web.embedded.tomcat.TomcatWebServer - Tomcat initialized with port(s): 0 (http)
2025-04-15 14:59:46.536 [main] INFO  o.s.boot.web.embedded.tomcat.TomcatWebServer - Tomcat initialized with port(s): 0 (http)
2025-04-15 14:59:46.555 [main] INFO  org.apache.coyote.http11.Http11NioProtocol - Initializing ProtocolHandler ["http-nio-0.0.0.0-auto-1"]
2025-04-15 14:59:46.555 [main] INFO  org.apache.coyote.http11.Http11NioProtocol - Initializing ProtocolHandler ["http-nio-0.0.0.0-auto-1"]
2025-04-15 14:59:46.558 [main] INFO  org.apache.catalina.core.StandardService - Starting service [Tomcat]
2025-04-15 14:59:46.558 [main] INFO  org.apache.catalina.core.StandardService - Starting service [Tomcat]
2025-04-15 14:59:46.559 [main] INFO  org.apache.catalina.core.StandardEngine - Starting Servlet engine: [Apache Tomcat/10.1.7]
2025-04-15 14:59:46.559 [main] INFO  org.apache.catalina.core.StandardEngine - Starting Servlet engine: [Apache Tomcat/10.1.7]
2025-04-15 14:59:46.806 [main] INFO  o.a.c.core.ContainerBase.[Tomcat].[localhost].[/] - Initializing Spring embedded WebApplicationContext
2025-04-15 14:59:46.806 [main] INFO  o.a.c.core.ContainerBase.[Tomcat].[localhost].[/] - Initializing Spring embedded WebApplicationContext
2025-04-15 14:59:46.807 [main] INFO  o.s.b.w.s.c.ServletWebServerApplicationContext - Root WebApplicationContext: initialization completed in 3225 ms
2025-04-15 14:59:46.807 [main] INFO  o.s.b.w.s.c.ServletWebServerApplicationContext - Root WebApplicationContext: initialization completed in 3225 ms
2025-04-15 14:59:47.461 [main] INFO  com.teak.blog.config.MybatisPlusAutoInsert - ✅ MyBatis Plus 自动填充处理器已注册
2025-04-15 14:59:47.461 [main] INFO  com.teak.blog.config.MybatisPlusAutoInsert - ✅ MyBatis Plus 自动填充处理器已注册
2025-04-15 14:59:48.204 [main] INFO  org.apache.coyote.http11.Http11NioProtocol - Starting ProtocolHandler ["http-nio-0.0.0.0-auto-1"]
2025-04-15 14:59:48.204 [main] INFO  org.apache.coyote.http11.Http11NioProtocol - Starting ProtocolHandler ["http-nio-0.0.0.0-auto-1"]
2025-04-15 14:59:48.226 [main] INFO  o.s.boot.web.embedded.tomcat.TomcatWebServer - Tomcat started on port(s): 6987 (http) with context path ''
2025-04-15 14:59:48.226 [main] INFO  o.s.boot.web.embedded.tomcat.TomcatWebServer - Tomcat started on port(s): 6987 (http) with context path ''
2025-04-15 14:59:48.292 [main] INFO  ApplicationTest - Started ApplicationTest in 5.219 seconds (process running for 6.269)
2025-04-15 14:59:48.292 [main] INFO  ApplicationTest - Started ApplicationTest in 5.219 seconds (process running for 6.269)
2025-04-15 14:59:49.397 [main] INFO  ApplicationTest - target.getName:John
2025-04-15 14:59:49.397 [main] INFO  ApplicationTest - target.getName:John
2025-04-15 14:59:49.402 [main] INFO  ApplicationTest - target.getAge:20
2025-04-15 14:59:49.402 [main] INFO  ApplicationTest - target.getAge:20
2025-04-15 14:59:49.402 [main] INFO  ApplicationTest - target.getIsAdmin:true
2025-04-15 14:59:49.402 [main] INFO  ApplicationTest - target.getIsAdmin:true
2025-04-15 14:59:49.402 [main] INFO  ApplicationTest - target.getExistingField:original
2025-04-15 14:59:49.402 [main] INFO  ApplicationTest - target.getExistingField:original
2025-04-15 15:04:22.828 [main] INFO  ApplicationTest - Starting ApplicationTest using Java 17.0.14 with PID 13948 (started by 14014 in D:\IdeaProjects\teakWeb\blog_admin)
2025-04-15 15:04:22.828 [main] INFO  ApplicationTest - Starting ApplicationTest using Java 17.0.14 with PID 13948 (started by 14014 in D:\IdeaProjects\teakWeb\blog_admin)
2025-04-15 15:04:22.830 [main] INFO  ApplicationTest - The following 1 profile is active: "dev"
2025-04-15 15:04:22.830 [main] INFO  ApplicationTest - The following 1 profile is active: "dev"
2025-04-15 15:04:23.610 [main] INFO  o.s.d.r.config.RepositoryConfigurationDelegate - Multiple Spring Data modules found, entering strict repository configuration mode
2025-04-15 15:04:23.610 [main] INFO  o.s.d.r.config.RepositoryConfigurationDelegate - Multiple Spring Data modules found, entering strict repository configuration mode
2025-04-15 15:04:23.614 [main] INFO  o.s.d.r.config.RepositoryConfigurationDelegate - Bootstrapping Spring Data Redis repositories in DEFAULT mode.
2025-04-15 15:04:23.614 [main] INFO  o.s.d.r.config.RepositoryConfigurationDelegate - Bootstrapping Spring Data Redis repositories in DEFAULT mode.
2025-04-15 15:04:23.661 [main] INFO  o.s.d.r.config.RepositoryConfigurationDelegate - Finished Spring Data repository scanning in 25 ms. Found 0 Redis repository interfaces.
2025-04-15 15:04:23.661 [main] INFO  o.s.d.r.config.RepositoryConfigurationDelegate - Finished Spring Data repository scanning in 25 ms. Found 0 Redis repository interfaces.
2025-04-15 15:04:25.170 [main] INFO  o.s.boot.web.embedded.tomcat.TomcatWebServer - Tomcat initialized with port(s): 0 (http)
2025-04-15 15:04:25.170 [main] INFO  o.s.boot.web.embedded.tomcat.TomcatWebServer - Tomcat initialized with port(s): 0 (http)
2025-04-15 15:04:25.187 [main] INFO  org.apache.coyote.http11.Http11NioProtocol - Initializing ProtocolHandler ["http-nio-0.0.0.0-auto-1"]
2025-04-15 15:04:25.187 [main] INFO  org.apache.coyote.http11.Http11NioProtocol - Initializing ProtocolHandler ["http-nio-0.0.0.0-auto-1"]
2025-04-15 15:04:25.190 [main] INFO  org.apache.catalina.core.StandardService - Starting service [Tomcat]
2025-04-15 15:04:25.190 [main] INFO  org.apache.catalina.core.StandardService - Starting service [Tomcat]
2025-04-15 15:04:25.191 [main] INFO  org.apache.catalina.core.StandardEngine - Starting Servlet engine: [Apache Tomcat/10.1.7]
2025-04-15 15:04:25.191 [main] INFO  org.apache.catalina.core.StandardEngine - Starting Servlet engine: [Apache Tomcat/10.1.7]
2025-04-15 15:04:25.360 [main] INFO  o.a.c.core.ContainerBase.[Tomcat].[localhost].[/] - Initializing Spring embedded WebApplicationContext
2025-04-15 15:04:25.360 [main] INFO  o.a.c.core.ContainerBase.[Tomcat].[localhost].[/] - Initializing Spring embedded WebApplicationContext
2025-04-15 15:04:25.361 [main] INFO  o.s.b.w.s.c.ServletWebServerApplicationContext - Root WebApplicationContext: initialization completed in 2515 ms
2025-04-15 15:04:25.361 [main] INFO  o.s.b.w.s.c.ServletWebServerApplicationContext - Root WebApplicationContext: initialization completed in 2515 ms
2025-04-15 15:04:25.832 [main] INFO  com.teak.blog.config.MybatisPlusAutoInsert - ✅ MyBatis Plus 自动填充处理器已注册
2025-04-15 15:04:25.832 [main] INFO  com.teak.blog.config.MybatisPlusAutoInsert - ✅ MyBatis Plus 自动填充处理器已注册
2025-04-15 15:04:26.388 [main] INFO  org.apache.coyote.http11.Http11NioProtocol - Starting ProtocolHandler ["http-nio-0.0.0.0-auto-1"]
2025-04-15 15:04:26.388 [main] INFO  org.apache.coyote.http11.Http11NioProtocol - Starting ProtocolHandler ["http-nio-0.0.0.0-auto-1"]
2025-04-15 15:04:26.422 [main] INFO  o.s.boot.web.embedded.tomcat.TomcatWebServer - Tomcat started on port(s): 7510 (http) with context path ''
2025-04-15 15:04:26.422 [main] INFO  o.s.boot.web.embedded.tomcat.TomcatWebServer - Tomcat started on port(s): 7510 (http) with context path ''
2025-04-15 15:04:26.480 [main] INFO  ApplicationTest - Started ApplicationTest in 4.086 seconds (process running for 5.011)
2025-04-15 15:04:26.480 [main] INFO  ApplicationTest - Started ApplicationTest in 4.086 seconds (process running for 5.011)
2025-04-15 15:04:27.513 [main] INFO  ApplicationTest - target.getName:John
2025-04-15 15:04:27.513 [main] INFO  ApplicationTest - target.getName:John
2025-04-15 15:04:27.515 [main] INFO  ApplicationTest - target.getAge:20
2025-04-15 15:04:27.515 [main] INFO  ApplicationTest - target.getAge:20
2025-04-15 15:04:27.515 [main] INFO  ApplicationTest - target.getIsAdmin:true
2025-04-15 15:04:27.515 [main] INFO  ApplicationTest - target.getIsAdmin:true
2025-04-15 15:04:27.515 [main] INFO  ApplicationTest - target.getExistingField:original
2025-04-15 15:04:27.515 [main] INFO  ApplicationTest - target.getExistingField:original
