2025-05-06 09:55:19.563 [main] INFO  ApplicationTest - Starting ApplicationTest using Java 17.0.14 with PID 21608 (started by 14014 in D:\IdeaProjects\teakWeb\blog_admin)
2025-05-06 09:55:19.563 [main] INFO  ApplicationTest - Starting ApplicationTest using Java 17.0.14 with PID 21608 (started by 14014 in D:\IdeaProjects\teakWeb\blog_admin)
2025-05-06 09:55:19.566 [main] INFO  ApplicationTest - The following 1 profile is active: "dev"
2025-05-06 09:55:19.566 [main] INFO  ApplicationTest - The following 1 profile is active: "dev"
2025-05-06 09:55:20.446 [main] INFO  o.s.d.r.config.RepositoryConfigurationDelegate - Multiple Spring Data modules found, entering strict repository configuration mode
2025-05-06 09:55:20.446 [main] INFO  o.s.d.r.config.RepositoryConfigurationDelegate - Multiple Spring Data modules found, entering strict repository configuration mode
2025-05-06 09:55:20.450 [main] INFO  o.s.d.r.config.RepositoryConfigurationDelegate - Bootstrapping Spring Data Redis repositories in DEFAULT mode.
2025-05-06 09:55:20.450 [main] INFO  o.s.d.r.config.RepositoryConfigurationDelegate - Bootstrapping Spring Data Redis repositories in DEFAULT mode.
2025-05-06 09:55:20.493 [main] INFO  o.s.d.r.config.RepositoryConfigurationDelegate - Finished Spring Data repository scanning in 23 ms. Found 0 Redis repository interfaces.
2025-05-06 09:55:20.493 [main] INFO  o.s.d.r.config.RepositoryConfigurationDelegate - Finished Spring Data repository scanning in 23 ms. Found 0 Redis repository interfaces.
2025-05-06 09:55:22.115 [main] INFO  o.s.boot.web.embedded.tomcat.TomcatWebServer - Tomcat initialized with port(s): 0 (http)
2025-05-06 09:55:22.115 [main] INFO  o.s.boot.web.embedded.tomcat.TomcatWebServer - Tomcat initialized with port(s): 0 (http)
2025-05-06 09:55:22.129 [main] INFO  org.apache.coyote.http11.Http11NioProtocol - Initializing ProtocolHandler ["http-nio-0.0.0.0-auto-1"]
2025-05-06 09:55:22.129 [main] INFO  org.apache.coyote.http11.Http11NioProtocol - Initializing ProtocolHandler ["http-nio-0.0.0.0-auto-1"]
2025-05-06 09:55:22.130 [main] INFO  org.apache.catalina.core.StandardService - Starting service [Tomcat]
2025-05-06 09:55:22.130 [main] INFO  org.apache.catalina.core.StandardService - Starting service [Tomcat]
2025-05-06 09:55:22.130 [main] INFO  org.apache.catalina.core.StandardEngine - Starting Servlet engine: [Apache Tomcat/10.1.7]
2025-05-06 09:55:22.130 [main] INFO  org.apache.catalina.core.StandardEngine - Starting Servlet engine: [Apache Tomcat/10.1.7]
2025-05-06 09:55:22.267 [main] INFO  o.a.c.core.ContainerBase.[Tomcat].[localhost].[/] - Initializing Spring embedded WebApplicationContext
2025-05-06 09:55:22.267 [main] INFO  o.a.c.core.ContainerBase.[Tomcat].[localhost].[/] - Initializing Spring embedded WebApplicationContext
2025-05-06 09:55:22.268 [main] INFO  o.s.b.w.s.c.ServletWebServerApplicationContext - Root WebApplicationContext: initialization completed in 2680 ms
2025-05-06 09:55:22.268 [main] INFO  o.s.b.w.s.c.ServletWebServerApplicationContext - Root WebApplicationContext: initialization completed in 2680 ms
2025-05-06 09:55:22.766 [main] INFO  com.teak.blog.config.MybatisPlusAutoInsert - ✅ MyBatis Plus 自动填充处理器已注册
2025-05-06 09:55:22.766 [main] INFO  com.teak.blog.config.MybatisPlusAutoInsert - ✅ MyBatis Plus 自动填充处理器已注册
2025-05-06 09:55:23.325 [main] INFO  org.apache.catalina.core.StandardService - Stopping service [Tomcat]
2025-05-06 09:55:23.325 [main] INFO  org.apache.catalina.core.StandardService - Stopping service [Tomcat]
2025-05-06 09:55:23.344 [main] INFO  o.s.b.a.logging.ConditionEvaluationReportLogger - 

Error starting ApplicationContext. To display the condition evaluation report re-run your application with 'debug' enabled.
2025-05-06 09:55:23.344 [main] INFO  o.s.b.a.logging.ConditionEvaluationReportLogger - 

Error starting ApplicationContext. To display the condition evaluation report re-run your application with 'debug' enabled.
2025-05-06 09:59:44.770 [main] INFO  ApplicationTest - Starting ApplicationTest using Java 17.0.14 with PID 33828 (started by 14014 in D:\IdeaProjects\teakWeb\blog_admin)
2025-05-06 09:59:44.770 [main] INFO  ApplicationTest - Starting ApplicationTest using Java 17.0.14 with PID 33828 (started by 14014 in D:\IdeaProjects\teakWeb\blog_admin)
2025-05-06 09:59:44.771 [main] INFO  ApplicationTest - The following 1 profile is active: "dev"
2025-05-06 09:59:44.771 [main] INFO  ApplicationTest - The following 1 profile is active: "dev"
2025-05-06 09:59:45.569 [main] INFO  o.s.d.r.config.RepositoryConfigurationDelegate - Multiple Spring Data modules found, entering strict repository configuration mode
2025-05-06 09:59:45.569 [main] INFO  o.s.d.r.config.RepositoryConfigurationDelegate - Multiple Spring Data modules found, entering strict repository configuration mode
2025-05-06 09:59:45.571 [main] INFO  o.s.d.r.config.RepositoryConfigurationDelegate - Bootstrapping Spring Data Redis repositories in DEFAULT mode.
2025-05-06 09:59:45.571 [main] INFO  o.s.d.r.config.RepositoryConfigurationDelegate - Bootstrapping Spring Data Redis repositories in DEFAULT mode.
2025-05-06 09:59:45.615 [main] INFO  o.s.d.r.config.RepositoryConfigurationDelegate - Finished Spring Data repository scanning in 27 ms. Found 0 Redis repository interfaces.
2025-05-06 09:59:45.615 [main] INFO  o.s.d.r.config.RepositoryConfigurationDelegate - Finished Spring Data repository scanning in 27 ms. Found 0 Redis repository interfaces.
2025-05-06 09:59:47.150 [main] INFO  o.s.boot.web.embedded.tomcat.TomcatWebServer - Tomcat initialized with port(s): 0 (http)
2025-05-06 09:59:47.150 [main] INFO  o.s.boot.web.embedded.tomcat.TomcatWebServer - Tomcat initialized with port(s): 0 (http)
2025-05-06 09:59:47.166 [main] INFO  org.apache.coyote.http11.Http11NioProtocol - Initializing ProtocolHandler ["http-nio-0.0.0.0-auto-1"]
2025-05-06 09:59:47.166 [main] INFO  org.apache.coyote.http11.Http11NioProtocol - Initializing ProtocolHandler ["http-nio-0.0.0.0-auto-1"]
2025-05-06 09:59:47.168 [main] INFO  org.apache.catalina.core.StandardService - Starting service [Tomcat]
2025-05-06 09:59:47.168 [main] INFO  org.apache.catalina.core.StandardService - Starting service [Tomcat]
2025-05-06 09:59:47.169 [main] INFO  org.apache.catalina.core.StandardEngine - Starting Servlet engine: [Apache Tomcat/10.1.7]
2025-05-06 09:59:47.169 [main] INFO  org.apache.catalina.core.StandardEngine - Starting Servlet engine: [Apache Tomcat/10.1.7]
2025-05-06 09:59:47.319 [main] INFO  o.a.c.core.ContainerBase.[Tomcat].[localhost].[/] - Initializing Spring embedded WebApplicationContext
2025-05-06 09:59:47.319 [main] INFO  o.a.c.core.ContainerBase.[Tomcat].[localhost].[/] - Initializing Spring embedded WebApplicationContext
2025-05-06 09:59:47.319 [main] INFO  o.s.b.w.s.c.ServletWebServerApplicationContext - Root WebApplicationContext: initialization completed in 2531 ms
2025-05-06 09:59:47.319 [main] INFO  o.s.b.w.s.c.ServletWebServerApplicationContext - Root WebApplicationContext: initialization completed in 2531 ms
2025-05-06 09:59:47.759 [main] INFO  com.teak.blog.config.MybatisPlusAutoInsert - ✅ MyBatis Plus 自动填充处理器已注册
2025-05-06 09:59:47.759 [main] INFO  com.teak.blog.config.MybatisPlusAutoInsert - ✅ MyBatis Plus 自动填充处理器已注册
2025-05-06 09:59:48.377 [main] INFO  org.apache.coyote.http11.Http11NioProtocol - Starting ProtocolHandler ["http-nio-0.0.0.0-auto-1"]
2025-05-06 09:59:48.377 [main] INFO  org.apache.coyote.http11.Http11NioProtocol - Starting ProtocolHandler ["http-nio-0.0.0.0-auto-1"]
2025-05-06 09:59:48.398 [main] INFO  o.s.boot.web.embedded.tomcat.TomcatWebServer - Tomcat started on port(s): 2106 (http) with context path ''
2025-05-06 09:59:48.398 [main] INFO  o.s.boot.web.embedded.tomcat.TomcatWebServer - Tomcat started on port(s): 2106 (http) with context path ''
2025-05-06 09:59:48.644 [AsyncPool-0] INFO  com.teak.blog.ServiceMonitorAspect - 方法 [com.teak.blog.service.serviceImpl.SysScheduledTaskServiceImpl::findByStatus] 参数详情: {"i":1}
2025-05-06 09:59:48.644 [AsyncPool-0] INFO  com.teak.blog.ServiceMonitorAspect - 方法 [com.teak.blog.service.serviceImpl.SysScheduledTaskServiceImpl::findByStatus] 参数详情: {"i":1}
2025-05-06 09:59:48.716 [main] INFO  com.zaxxer.hikari.HikariDataSource - HikariPool-1 - Starting...
2025-05-06 09:59:48.716 [main] INFO  com.zaxxer.hikari.HikariDataSource - HikariPool-1 - Starting...
2025-05-06 09:59:49.175 [main] INFO  com.zaxxer.hikari.pool.HikariPool - HikariPool-1 - Added connection com.mysql.cj.jdbc.ConnectionImpl@70ad0854
2025-05-06 09:59:49.175 [main] INFO  com.zaxxer.hikari.pool.HikariPool - HikariPool-1 - Added connection com.mysql.cj.jdbc.ConnectionImpl@70ad0854
2025-05-06 09:59:49.179 [main] INFO  com.zaxxer.hikari.HikariDataSource - HikariPool-1 - Start completed.
2025-05-06 09:59:49.179 [main] INFO  com.zaxxer.hikari.HikariDataSource - HikariPool-1 - Start completed.
2025-05-06 09:59:49.472 [ForkJoinPool.commonPool-worker-1] INFO  com.teak.blog.ServiceMonitorAspect - [性能监控] com.teak.blog.service.serviceImpl.SysScheduledTaskServiceImpl.findByStatus 执行耗时: 827ms
2025-05-06 09:59:49.472 [ForkJoinPool.commonPool-worker-1] INFO  com.teak.blog.ServiceMonitorAspect - [性能监控] com.teak.blog.service.serviceImpl.SysScheduledTaskServiceImpl.findByStatus 执行耗时: 827ms
2025-05-06 09:59:49.473 [ForkJoinPool.commonPool-worker-1] INFO  com.teak.blog.ServiceMonitorAspect - 方法 [com.teak.blog.service.serviceImpl.SysScheduledTaskServiceImpl::findByStatus] 返回: []
2025-05-06 09:59:49.473 [ForkJoinPool.commonPool-worker-1] INFO  com.teak.blog.ServiceMonitorAspect - 方法 [com.teak.blog.service.serviceImpl.SysScheduledTaskServiceImpl::findByStatus] 返回: []
2025-05-06 09:59:49.475 [main] INFO  ApplicationTest - Started ApplicationTest in 5.15 seconds (process running for 6.083)
2025-05-06 09:59:49.475 [main] INFO  ApplicationTest - Started ApplicationTest in 5.15 seconds (process running for 6.083)
2025-05-06 09:59:50.299 [AsyncPool-1] INFO  com.teak.blog.ServiceMonitorAspect - 方法 [com.teak.blog.service.serviceImpl.SysScheduledTaskServiceImpl::addScheduledTask] 参数详情: {"sysScheduledTaskVo":{"taskName":"test","cronExpression":"0/5 * * * * ?","beanName":"reportGenerateTask","methodName":"generateDailyReport","params":["abc",{"status":null,"statusString":null,"createTime":null,"updateTime":null,"isDeleted":null,"isDeletedString":null,"id":null,"title":"测试","cateId":null,"cateName":null,"userId":null,"userName":null},45785245865245],"parameterTypes":"String,com.teak.blog.entity.model.Article,Long"}}
2025-05-06 09:59:50.299 [AsyncPool-1] INFO  com.teak.blog.ServiceMonitorAspect - 方法 [com.teak.blog.service.serviceImpl.SysScheduledTaskServiceImpl::addScheduledTask] 参数详情: {"sysScheduledTaskVo":{"taskName":"test","cronExpression":"0/5 * * * * ?","beanName":"reportGenerateTask","methodName":"generateDailyReport","params":["abc",{"status":null,"statusString":null,"createTime":null,"updateTime":null,"isDeleted":null,"isDeletedString":null,"id":null,"title":"测试","cateId":null,"cateName":null,"userId":null,"userName":null},45785245865245],"parameterTypes":"String,com.teak.blog.entity.model.Article,Long"}}
2025-05-06 09:59:50.329 [main] INFO  com.teak.blog.config.MybatisPlusAutoInsert - 触发自动填充-插入，对象类型：SysScheduledTask
2025-05-06 09:59:50.329 [main] INFO  com.teak.blog.config.MybatisPlusAutoInsert - 触发自动填充-插入，对象类型：SysScheduledTask
2025-05-06 09:59:50.343 [ForkJoinPool.commonPool-worker-1] INFO  com.teak.blog.ServiceMonitorAspect - [性能监控] com.teak.blog.service.serviceImpl.SysScheduledTaskServiceImpl.addScheduledTask 执行耗时: 43ms
2025-05-06 09:59:50.343 [ForkJoinPool.commonPool-worker-1] INFO  com.teak.blog.ServiceMonitorAspect - [性能监控] com.teak.blog.service.serviceImpl.SysScheduledTaskServiceImpl.addScheduledTask 执行耗时: 43ms
2025-05-06 09:59:50.343 [ForkJoinPool.commonPool-worker-1] INFO  com.teak.blog.ServiceMonitorAspect - 方法 [com.teak.blog.service.serviceImpl.SysScheduledTaskServiceImpl::addScheduledTask] 返回: null
2025-05-06 09:59:50.343 [ForkJoinPool.commonPool-worker-1] INFO  com.teak.blog.ServiceMonitorAspect - 方法 [com.teak.blog.service.serviceImpl.SysScheduledTaskServiceImpl::addScheduledTask] 返回: null
2025-05-06 09:59:50.436 [SpringApplicationShutdownHook] INFO  com.teak.blog.config.AsyncConfig - 开始关闭异步线程池...
2025-05-06 09:59:50.436 [SpringApplicationShutdownHook] INFO  com.teak.blog.config.AsyncConfig - 开始关闭异步线程池...
2025-05-06 09:59:50.436 [SpringApplicationShutdownHook] INFO  com.teak.blog.config.AsyncConfig - 异步线程池已关闭
2025-05-06 09:59:50.436 [SpringApplicationShutdownHook] INFO  com.teak.blog.config.AsyncConfig - 异步线程池已关闭
2025-05-06 09:59:50.438 [SpringApplicationShutdownHook] INFO  com.zaxxer.hikari.HikariDataSource - HikariPool-1 - Shutdown initiated...
2025-05-06 09:59:50.438 [SpringApplicationShutdownHook] INFO  com.zaxxer.hikari.HikariDataSource - HikariPool-1 - Shutdown initiated...
2025-05-06 09:59:50.446 [SpringApplicationShutdownHook] INFO  com.zaxxer.hikari.HikariDataSource - HikariPool-1 - Shutdown completed.
2025-05-06 09:59:50.446 [SpringApplicationShutdownHook] INFO  com.zaxxer.hikari.HikariDataSource - HikariPool-1 - Shutdown completed.
2025-05-06 10:01:35.003 [main] INFO  ApplicationTest - Starting ApplicationTest using Java 17.0.14 with PID 18932 (started by 14014 in D:\IdeaProjects\teakWeb\blog_admin)
2025-05-06 10:01:35.003 [main] INFO  ApplicationTest - Starting ApplicationTest using Java 17.0.14 with PID 18932 (started by 14014 in D:\IdeaProjects\teakWeb\blog_admin)
2025-05-06 10:01:35.006 [main] INFO  ApplicationTest - The following 1 profile is active: "dev"
2025-05-06 10:01:35.006 [main] INFO  ApplicationTest - The following 1 profile is active: "dev"
2025-05-06 10:01:35.767 [main] INFO  o.s.d.r.config.RepositoryConfigurationDelegate - Multiple Spring Data modules found, entering strict repository configuration mode
2025-05-06 10:01:35.767 [main] INFO  o.s.d.r.config.RepositoryConfigurationDelegate - Multiple Spring Data modules found, entering strict repository configuration mode
2025-05-06 10:01:35.769 [main] INFO  o.s.d.r.config.RepositoryConfigurationDelegate - Bootstrapping Spring Data Redis repositories in DEFAULT mode.
2025-05-06 10:01:35.769 [main] INFO  o.s.d.r.config.RepositoryConfigurationDelegate - Bootstrapping Spring Data Redis repositories in DEFAULT mode.
2025-05-06 10:01:35.814 [main] INFO  o.s.d.r.config.RepositoryConfigurationDelegate - Finished Spring Data repository scanning in 27 ms. Found 0 Redis repository interfaces.
2025-05-06 10:01:35.814 [main] INFO  o.s.d.r.config.RepositoryConfigurationDelegate - Finished Spring Data repository scanning in 27 ms. Found 0 Redis repository interfaces.
2025-05-06 10:01:37.392 [main] INFO  o.s.boot.web.embedded.tomcat.TomcatWebServer - Tomcat initialized with port(s): 0 (http)
2025-05-06 10:01:37.392 [main] INFO  o.s.boot.web.embedded.tomcat.TomcatWebServer - Tomcat initialized with port(s): 0 (http)
2025-05-06 10:01:37.408 [main] INFO  org.apache.coyote.http11.Http11NioProtocol - Initializing ProtocolHandler ["http-nio-0.0.0.0-auto-1"]
2025-05-06 10:01:37.408 [main] INFO  org.apache.coyote.http11.Http11NioProtocol - Initializing ProtocolHandler ["http-nio-0.0.0.0-auto-1"]
2025-05-06 10:01:37.410 [main] INFO  org.apache.catalina.core.StandardService - Starting service [Tomcat]
2025-05-06 10:01:37.410 [main] INFO  org.apache.catalina.core.StandardService - Starting service [Tomcat]
2025-05-06 10:01:37.410 [main] INFO  org.apache.catalina.core.StandardEngine - Starting Servlet engine: [Apache Tomcat/10.1.7]
2025-05-06 10:01:37.410 [main] INFO  org.apache.catalina.core.StandardEngine - Starting Servlet engine: [Apache Tomcat/10.1.7]
2025-05-06 10:01:37.581 [main] INFO  o.a.c.core.ContainerBase.[Tomcat].[localhost].[/] - Initializing Spring embedded WebApplicationContext
2025-05-06 10:01:37.581 [main] INFO  o.a.c.core.ContainerBase.[Tomcat].[localhost].[/] - Initializing Spring embedded WebApplicationContext
2025-05-06 10:01:37.582 [main] INFO  o.s.b.w.s.c.ServletWebServerApplicationContext - Root WebApplicationContext: initialization completed in 2554 ms
2025-05-06 10:01:37.582 [main] INFO  o.s.b.w.s.c.ServletWebServerApplicationContext - Root WebApplicationContext: initialization completed in 2554 ms
2025-05-06 10:01:38.089 [main] INFO  com.teak.blog.config.MybatisPlusAutoInsert - ✅ MyBatis Plus 自动填充处理器已注册
2025-05-06 10:01:38.089 [main] INFO  com.teak.blog.config.MybatisPlusAutoInsert - ✅ MyBatis Plus 自动填充处理器已注册
2025-05-06 10:01:38.684 [main] INFO  org.apache.coyote.http11.Http11NioProtocol - Starting ProtocolHandler ["http-nio-0.0.0.0-auto-1"]
2025-05-06 10:01:38.684 [main] INFO  org.apache.coyote.http11.Http11NioProtocol - Starting ProtocolHandler ["http-nio-0.0.0.0-auto-1"]
2025-05-06 10:01:38.711 [main] INFO  o.s.boot.web.embedded.tomcat.TomcatWebServer - Tomcat started on port(s): 2381 (http) with context path ''
2025-05-06 10:01:38.711 [main] INFO  o.s.boot.web.embedded.tomcat.TomcatWebServer - Tomcat started on port(s): 2381 (http) with context path ''
2025-05-06 10:01:38.950 [AsyncPool-0] INFO  com.teak.blog.ServiceMonitorAspect - 方法 [com.teak.blog.service.serviceImpl.SysScheduledTaskServiceImpl::findByStatus] 参数详情: {"i":1}
2025-05-06 10:01:38.950 [AsyncPool-0] INFO  com.teak.blog.ServiceMonitorAspect - 方法 [com.teak.blog.service.serviceImpl.SysScheduledTaskServiceImpl::findByStatus] 参数详情: {"i":1}
2025-05-06 10:01:39.038 [main] INFO  com.zaxxer.hikari.HikariDataSource - HikariPool-1 - Starting...
2025-05-06 10:01:39.038 [main] INFO  com.zaxxer.hikari.HikariDataSource - HikariPool-1 - Starting...
2025-05-06 10:01:39.480 [main] INFO  com.zaxxer.hikari.pool.HikariPool - HikariPool-1 - Added connection com.mysql.cj.jdbc.ConnectionImpl@7741507c
2025-05-06 10:01:39.480 [main] INFO  com.zaxxer.hikari.pool.HikariPool - HikariPool-1 - Added connection com.mysql.cj.jdbc.ConnectionImpl@7741507c
2025-05-06 10:01:39.484 [main] INFO  com.zaxxer.hikari.HikariDataSource - HikariPool-1 - Start completed.
2025-05-06 10:01:39.484 [main] INFO  com.zaxxer.hikari.HikariDataSource - HikariPool-1 - Start completed.
2025-05-06 10:01:39.846 [ForkJoinPool.commonPool-worker-1] INFO  com.teak.blog.ServiceMonitorAspect - [性能监控] com.teak.blog.service.serviceImpl.SysScheduledTaskServiceImpl.findByStatus 执行耗时: 894ms
2025-05-06 10:01:39.846 [ForkJoinPool.commonPool-worker-1] INFO  com.teak.blog.ServiceMonitorAspect - [性能监控] com.teak.blog.service.serviceImpl.SysScheduledTaskServiceImpl.findByStatus 执行耗时: 894ms
2025-05-06 10:01:39.847 [ForkJoinPool.commonPool-worker-1] INFO  com.teak.blog.ServiceMonitorAspect - 方法 [com.teak.blog.service.serviceImpl.SysScheduledTaskServiceImpl::findByStatus] 返回: []
2025-05-06 10:01:39.847 [ForkJoinPool.commonPool-worker-1] INFO  com.teak.blog.ServiceMonitorAspect - 方法 [com.teak.blog.service.serviceImpl.SysScheduledTaskServiceImpl::findByStatus] 返回: []
2025-05-06 10:01:39.849 [main] INFO  ApplicationTest - Started ApplicationTest in 5.284 seconds (process running for 6.183)
2025-05-06 10:01:39.849 [main] INFO  ApplicationTest - Started ApplicationTest in 5.284 seconds (process running for 6.183)
2025-05-06 10:01:40.786 [AsyncPool-1] INFO  com.teak.blog.ServiceMonitorAspect - 方法 [com.teak.blog.service.serviceImpl.SysScheduledTaskServiceImpl::addScheduledTask] 参数详情: {"sysScheduledTaskVo":{"taskName":"test","cronExpression":"0/5 * * * * ?","beanName":"reportGenerateTask","methodName":"generateDailyReport","params":["abc",{"status":null,"statusString":null,"createTime":null,"updateTime":null,"isDeleted":null,"isDeletedString":null,"id":null,"title":"测试","cateId":null,"cateName":null,"userId":null,"userName":null},45785245865245],"parameterTypes":"String,com.teak.blog.entity.model.Article,Long"}}
2025-05-06 10:01:40.786 [AsyncPool-1] INFO  com.teak.blog.ServiceMonitorAspect - 方法 [com.teak.blog.service.serviceImpl.SysScheduledTaskServiceImpl::addScheduledTask] 参数详情: {"sysScheduledTaskVo":{"taskName":"test","cronExpression":"0/5 * * * * ?","beanName":"reportGenerateTask","methodName":"generateDailyReport","params":["abc",{"status":null,"statusString":null,"createTime":null,"updateTime":null,"isDeleted":null,"isDeletedString":null,"id":null,"title":"测试","cateId":null,"cateName":null,"userId":null,"userName":null},45785245865245],"parameterTypes":"String,com.teak.blog.entity.model.Article,Long"}}
2025-05-06 10:01:40.833 [main] INFO  com.teak.blog.config.MybatisPlusAutoInsert - 触发自动填充-插入，对象类型：SysScheduledTask
2025-05-06 10:01:40.833 [main] INFO  com.teak.blog.config.MybatisPlusAutoInsert - 触发自动填充-插入，对象类型：SysScheduledTask
2025-05-06 10:01:40.849 [ForkJoinPool.commonPool-worker-1] INFO  com.teak.blog.ServiceMonitorAspect - [性能监控] com.teak.blog.service.serviceImpl.SysScheduledTaskServiceImpl.addScheduledTask 执行耗时: 62ms
2025-05-06 10:01:40.849 [ForkJoinPool.commonPool-worker-1] INFO  com.teak.blog.ServiceMonitorAspect - [性能监控] com.teak.blog.service.serviceImpl.SysScheduledTaskServiceImpl.addScheduledTask 执行耗时: 62ms
2025-05-06 10:01:40.849 [ForkJoinPool.commonPool-worker-1] INFO  com.teak.blog.ServiceMonitorAspect - 方法 [com.teak.blog.service.serviceImpl.SysScheduledTaskServiceImpl::addScheduledTask] 返回: null
2025-05-06 10:01:40.849 [ForkJoinPool.commonPool-worker-1] INFO  com.teak.blog.ServiceMonitorAspect - 方法 [com.teak.blog.service.serviceImpl.SysScheduledTaskServiceImpl::addScheduledTask] 返回: null
2025-05-06 10:01:40.951 [SpringApplicationShutdownHook] INFO  com.teak.blog.config.AsyncConfig - 开始关闭异步线程池...
2025-05-06 10:01:40.951 [SpringApplicationShutdownHook] INFO  com.teak.blog.config.AsyncConfig - 开始关闭异步线程池...
2025-05-06 10:01:40.952 [SpringApplicationShutdownHook] INFO  com.teak.blog.config.AsyncConfig - 异步线程池已关闭
2025-05-06 10:01:40.952 [SpringApplicationShutdownHook] INFO  com.teak.blog.config.AsyncConfig - 异步线程池已关闭
2025-05-06 10:01:40.954 [SpringApplicationShutdownHook] INFO  com.zaxxer.hikari.HikariDataSource - HikariPool-1 - Shutdown initiated...
2025-05-06 10:01:40.954 [SpringApplicationShutdownHook] INFO  com.zaxxer.hikari.HikariDataSource - HikariPool-1 - Shutdown initiated...
2025-05-06 10:01:40.962 [SpringApplicationShutdownHook] INFO  com.zaxxer.hikari.HikariDataSource - HikariPool-1 - Shutdown completed.
2025-05-06 10:01:40.962 [SpringApplicationShutdownHook] INFO  com.zaxxer.hikari.HikariDataSource - HikariPool-1 - Shutdown completed.
2025-05-06 10:43:19.568 [main] INFO  ApplicationTest - Starting ApplicationTest using Java 17.0.14 with PID 9892 (started by 14014 in D:\IdeaProjects\teakWeb\blog_admin)
2025-05-06 10:43:19.568 [main] INFO  ApplicationTest - Starting ApplicationTest using Java 17.0.14 with PID 9892 (started by 14014 in D:\IdeaProjects\teakWeb\blog_admin)
2025-05-06 10:43:19.572 [main] INFO  ApplicationTest - The following 1 profile is active: "dev"
2025-05-06 10:43:19.572 [main] INFO  ApplicationTest - The following 1 profile is active: "dev"
2025-05-06 10:43:20.495 [main] INFO  o.s.d.r.config.RepositoryConfigurationDelegate - Multiple Spring Data modules found, entering strict repository configuration mode
2025-05-06 10:43:20.495 [main] INFO  o.s.d.r.config.RepositoryConfigurationDelegate - Multiple Spring Data modules found, entering strict repository configuration mode
2025-05-06 10:43:20.498 [main] INFO  o.s.d.r.config.RepositoryConfigurationDelegate - Bootstrapping Spring Data Redis repositories in DEFAULT mode.
2025-05-06 10:43:20.498 [main] INFO  o.s.d.r.config.RepositoryConfigurationDelegate - Bootstrapping Spring Data Redis repositories in DEFAULT mode.
2025-05-06 10:43:20.545 [main] INFO  o.s.d.r.config.RepositoryConfigurationDelegate - Finished Spring Data repository scanning in 25 ms. Found 0 Redis repository interfaces.
2025-05-06 10:43:20.545 [main] INFO  o.s.d.r.config.RepositoryConfigurationDelegate - Finished Spring Data repository scanning in 25 ms. Found 0 Redis repository interfaces.
2025-05-06 10:43:22.180 [main] INFO  o.s.boot.web.embedded.tomcat.TomcatWebServer - Tomcat initialized with port(s): 0 (http)
2025-05-06 10:43:22.180 [main] INFO  o.s.boot.web.embedded.tomcat.TomcatWebServer - Tomcat initialized with port(s): 0 (http)
2025-05-06 10:43:22.194 [main] INFO  org.apache.coyote.http11.Http11NioProtocol - Initializing ProtocolHandler ["http-nio-0.0.0.0-auto-1"]
2025-05-06 10:43:22.194 [main] INFO  org.apache.coyote.http11.Http11NioProtocol - Initializing ProtocolHandler ["http-nio-0.0.0.0-auto-1"]
2025-05-06 10:43:22.196 [main] INFO  org.apache.catalina.core.StandardService - Starting service [Tomcat]
2025-05-06 10:43:22.196 [main] INFO  org.apache.catalina.core.StandardService - Starting service [Tomcat]
2025-05-06 10:43:22.197 [main] INFO  org.apache.catalina.core.StandardEngine - Starting Servlet engine: [Apache Tomcat/10.1.7]
2025-05-06 10:43:22.197 [main] INFO  org.apache.catalina.core.StandardEngine - Starting Servlet engine: [Apache Tomcat/10.1.7]
2025-05-06 10:43:22.351 [main] INFO  o.a.c.core.ContainerBase.[Tomcat].[localhost].[/] - Initializing Spring embedded WebApplicationContext
2025-05-06 10:43:22.351 [main] INFO  o.a.c.core.ContainerBase.[Tomcat].[localhost].[/] - Initializing Spring embedded WebApplicationContext
2025-05-06 10:43:22.352 [main] INFO  o.s.b.w.s.c.ServletWebServerApplicationContext - Root WebApplicationContext: initialization completed in 2754 ms
2025-05-06 10:43:22.352 [main] INFO  o.s.b.w.s.c.ServletWebServerApplicationContext - Root WebApplicationContext: initialization completed in 2754 ms
2025-05-06 10:43:22.833 [main] INFO  com.teak.blog.config.MybatisPlusAutoInsert - ✅ MyBatis Plus 自动填充处理器已注册
2025-05-06 10:43:22.833 [main] INFO  com.teak.blog.config.MybatisPlusAutoInsert - ✅ MyBatis Plus 自动填充处理器已注册
2025-05-06 10:43:23.493 [main] INFO  org.apache.coyote.http11.Http11NioProtocol - Starting ProtocolHandler ["http-nio-0.0.0.0-auto-1"]
2025-05-06 10:43:23.493 [main] INFO  org.apache.coyote.http11.Http11NioProtocol - Starting ProtocolHandler ["http-nio-0.0.0.0-auto-1"]
2025-05-06 10:43:23.531 [main] INFO  o.s.boot.web.embedded.tomcat.TomcatWebServer - Tomcat started on port(s): 7734 (http) with context path ''
2025-05-06 10:43:23.531 [main] INFO  o.s.boot.web.embedded.tomcat.TomcatWebServer - Tomcat started on port(s): 7734 (http) with context path ''
2025-05-06 10:43:23.787 [AsyncPool-0] INFO  com.teak.blog.ServiceMonitorAspect - 方法 [com.teak.blog.service.serviceImpl.SysScheduledTaskServiceImpl::findByStatus] 参数详情: {"i":1}
2025-05-06 10:43:23.787 [AsyncPool-0] INFO  com.teak.blog.ServiceMonitorAspect - 方法 [com.teak.blog.service.serviceImpl.SysScheduledTaskServiceImpl::findByStatus] 参数详情: {"i":1}
2025-05-06 10:43:23.850 [main] INFO  com.zaxxer.hikari.HikariDataSource - HikariPool-1 - Starting...
2025-05-06 10:43:23.850 [main] INFO  com.zaxxer.hikari.HikariDataSource - HikariPool-1 - Starting...
2025-05-06 10:43:24.448 [main] INFO  com.zaxxer.hikari.pool.HikariPool - HikariPool-1 - Added connection com.mysql.cj.jdbc.ConnectionImpl@7ade62a6
2025-05-06 10:43:24.448 [main] INFO  com.zaxxer.hikari.pool.HikariPool - HikariPool-1 - Added connection com.mysql.cj.jdbc.ConnectionImpl@7ade62a6
2025-05-06 10:43:24.452 [main] INFO  com.zaxxer.hikari.HikariDataSource - HikariPool-1 - Start completed.
2025-05-06 10:43:24.452 [main] INFO  com.zaxxer.hikari.HikariDataSource - HikariPool-1 - Start completed.
2025-05-06 10:43:24.793 [ForkJoinPool.commonPool-worker-1] INFO  com.teak.blog.ServiceMonitorAspect - [性能监控] com.teak.blog.service.serviceImpl.SysScheduledTaskServiceImpl.findByStatus 执行耗时: 1005ms
2025-05-06 10:43:24.793 [ForkJoinPool.commonPool-worker-1] INFO  com.teak.blog.ServiceMonitorAspect - [性能监控] com.teak.blog.service.serviceImpl.SysScheduledTaskServiceImpl.findByStatus 执行耗时: 1005ms
2025-05-06 10:43:24.795 [ForkJoinPool.commonPool-worker-1] INFO  com.teak.blog.ServiceMonitorAspect - 方法 [com.teak.blog.service.serviceImpl.SysScheduledTaskServiceImpl::findByStatus] 返回: []
2025-05-06 10:43:24.795 [ForkJoinPool.commonPool-worker-1] INFO  com.teak.blog.ServiceMonitorAspect - 方法 [com.teak.blog.service.serviceImpl.SysScheduledTaskServiceImpl::findByStatus] 返回: []
2025-05-06 10:43:24.807 [main] INFO  ApplicationTest - Started ApplicationTest in 5.742 seconds (process running for 7.003)
2025-05-06 10:43:24.807 [main] INFO  ApplicationTest - Started ApplicationTest in 5.742 seconds (process running for 7.003)
2025-05-06 10:43:25.616 [main] INFO  ApplicationTest - 参数长度为:3
2025-05-06 10:43:25.616 [main] INFO  ApplicationTest - 参数长度为:3
2025-05-06 10:43:25.616 [main] INFO  ApplicationTest - 参数长度为:3
2025-05-06 10:43:25.616 [main] INFO  ApplicationTest - 参数长度为:3
2025-05-06 10:43:25.680 [AsyncPool-1] INFO  com.teak.blog.ServiceMonitorAspect - 方法 [com.teak.blog.service.serviceImpl.SysScheduledTaskServiceImpl::addScheduledTask] 参数详情: {"sysScheduledTaskVo":{"taskName":"test","cronExpression":"0/5 * * * * ?","beanName":"reportGenerateTask","methodName":"generateDailyReport","params":["abc",{"status":null,"statusString":null,"createTime":null,"updateTime":null,"isDeleted":null,"isDeletedString":null,"id":null,"title":"测试","cateId":null,"cateName":null,"userId":null,"userName":null},45785245865245],"parameterTypes":"String,com.teak.blog.entity.model.Article,Long"}}
2025-05-06 10:43:25.680 [AsyncPool-1] INFO  com.teak.blog.ServiceMonitorAspect - 方法 [com.teak.blog.service.serviceImpl.SysScheduledTaskServiceImpl::addScheduledTask] 参数详情: {"sysScheduledTaskVo":{"taskName":"test","cronExpression":"0/5 * * * * ?","beanName":"reportGenerateTask","methodName":"generateDailyReport","params":["abc",{"status":null,"statusString":null,"createTime":null,"updateTime":null,"isDeleted":null,"isDeletedString":null,"id":null,"title":"测试","cateId":null,"cateName":null,"userId":null,"userName":null},45785245865245],"parameterTypes":"String,com.teak.blog.entity.model.Article,Long"}}
2025-05-06 10:43:25.729 [main] INFO  com.teak.blog.config.MybatisPlusAutoInsert - 触发自动填充-插入，对象类型：SysScheduledTask
2025-05-06 10:43:25.729 [main] INFO  com.teak.blog.config.MybatisPlusAutoInsert - 触发自动填充-插入，对象类型：SysScheduledTask
2025-05-06 10:43:25.931 [SpringApplicationShutdownHook] INFO  com.teak.blog.config.AsyncConfig - 开始关闭异步线程池...
2025-05-06 10:43:25.931 [SpringApplicationShutdownHook] INFO  com.teak.blog.config.AsyncConfig - 开始关闭异步线程池...
2025-05-06 10:43:25.932 [SpringApplicationShutdownHook] INFO  com.teak.blog.config.AsyncConfig - 异步线程池已关闭
2025-05-06 10:43:25.932 [SpringApplicationShutdownHook] INFO  com.teak.blog.config.AsyncConfig - 异步线程池已关闭
2025-05-06 10:43:25.933 [SpringApplicationShutdownHook] INFO  com.zaxxer.hikari.HikariDataSource - HikariPool-1 - Shutdown initiated...
2025-05-06 10:43:25.933 [SpringApplicationShutdownHook] INFO  com.zaxxer.hikari.HikariDataSource - HikariPool-1 - Shutdown initiated...
2025-05-06 10:43:25.940 [SpringApplicationShutdownHook] INFO  com.zaxxer.hikari.HikariDataSource - HikariPool-1 - Shutdown completed.
2025-05-06 10:43:25.940 [SpringApplicationShutdownHook] INFO  com.zaxxer.hikari.HikariDataSource - HikariPool-1 - Shutdown completed.
2025-05-06 10:43:57.046 [main] INFO  ApplicationTest - Starting ApplicationTest using Java 17.0.14 with PID 37072 (started by 14014 in D:\IdeaProjects\teakWeb\blog_admin)
2025-05-06 10:43:57.046 [main] INFO  ApplicationTest - Starting ApplicationTest using Java 17.0.14 with PID 37072 (started by 14014 in D:\IdeaProjects\teakWeb\blog_admin)
2025-05-06 10:43:57.048 [main] INFO  ApplicationTest - The following 1 profile is active: "dev"
2025-05-06 10:43:57.048 [main] INFO  ApplicationTest - The following 1 profile is active: "dev"
2025-05-06 10:43:57.855 [main] INFO  o.s.d.r.config.RepositoryConfigurationDelegate - Multiple Spring Data modules found, entering strict repository configuration mode
2025-05-06 10:43:57.855 [main] INFO  o.s.d.r.config.RepositoryConfigurationDelegate - Multiple Spring Data modules found, entering strict repository configuration mode
2025-05-06 10:43:57.858 [main] INFO  o.s.d.r.config.RepositoryConfigurationDelegate - Bootstrapping Spring Data Redis repositories in DEFAULT mode.
2025-05-06 10:43:57.858 [main] INFO  o.s.d.r.config.RepositoryConfigurationDelegate - Bootstrapping Spring Data Redis repositories in DEFAULT mode.
2025-05-06 10:43:57.900 [main] INFO  o.s.d.r.config.RepositoryConfigurationDelegate - Finished Spring Data repository scanning in 26 ms. Found 0 Redis repository interfaces.
2025-05-06 10:43:57.900 [main] INFO  o.s.d.r.config.RepositoryConfigurationDelegate - Finished Spring Data repository scanning in 26 ms. Found 0 Redis repository interfaces.
2025-05-06 10:43:59.569 [main] INFO  o.s.boot.web.embedded.tomcat.TomcatWebServer - Tomcat initialized with port(s): 0 (http)
2025-05-06 10:43:59.569 [main] INFO  o.s.boot.web.embedded.tomcat.TomcatWebServer - Tomcat initialized with port(s): 0 (http)
2025-05-06 10:43:59.586 [main] INFO  org.apache.coyote.http11.Http11NioProtocol - Initializing ProtocolHandler ["http-nio-0.0.0.0-auto-1"]
2025-05-06 10:43:59.586 [main] INFO  org.apache.coyote.http11.Http11NioProtocol - Initializing ProtocolHandler ["http-nio-0.0.0.0-auto-1"]
2025-05-06 10:43:59.588 [main] INFO  org.apache.catalina.core.StandardService - Starting service [Tomcat]
2025-05-06 10:43:59.588 [main] INFO  org.apache.catalina.core.StandardService - Starting service [Tomcat]
2025-05-06 10:43:59.589 [main] INFO  org.apache.catalina.core.StandardEngine - Starting Servlet engine: [Apache Tomcat/10.1.7]
2025-05-06 10:43:59.589 [main] INFO  org.apache.catalina.core.StandardEngine - Starting Servlet engine: [Apache Tomcat/10.1.7]
2025-05-06 10:43:59.758 [main] INFO  o.a.c.core.ContainerBase.[Tomcat].[localhost].[/] - Initializing Spring embedded WebApplicationContext
2025-05-06 10:43:59.758 [main] INFO  o.a.c.core.ContainerBase.[Tomcat].[localhost].[/] - Initializing Spring embedded WebApplicationContext
2025-05-06 10:43:59.759 [main] INFO  o.s.b.w.s.c.ServletWebServerApplicationContext - Root WebApplicationContext: initialization completed in 2687 ms
2025-05-06 10:43:59.759 [main] INFO  o.s.b.w.s.c.ServletWebServerApplicationContext - Root WebApplicationContext: initialization completed in 2687 ms
2025-05-06 10:44:00.244 [main] INFO  com.teak.blog.config.MybatisPlusAutoInsert - ✅ MyBatis Plus 自动填充处理器已注册
2025-05-06 10:44:00.244 [main] INFO  com.teak.blog.config.MybatisPlusAutoInsert - ✅ MyBatis Plus 自动填充处理器已注册
2025-05-06 10:44:00.866 [main] INFO  org.apache.coyote.http11.Http11NioProtocol - Starting ProtocolHandler ["http-nio-0.0.0.0-auto-1"]
2025-05-06 10:44:00.866 [main] INFO  org.apache.coyote.http11.Http11NioProtocol - Starting ProtocolHandler ["http-nio-0.0.0.0-auto-1"]
2025-05-06 10:44:00.891 [main] INFO  o.s.boot.web.embedded.tomcat.TomcatWebServer - Tomcat started on port(s): 7766 (http) with context path ''
2025-05-06 10:44:00.891 [main] INFO  o.s.boot.web.embedded.tomcat.TomcatWebServer - Tomcat started on port(s): 7766 (http) with context path ''
2025-05-06 10:44:01.167 [AsyncPool-0] INFO  com.teak.blog.ServiceMonitorAspect - 方法 [com.teak.blog.service.serviceImpl.SysScheduledTaskServiceImpl::findByStatus] 参数详情: {"i":1}
2025-05-06 10:44:01.167 [AsyncPool-0] INFO  com.teak.blog.ServiceMonitorAspect - 方法 [com.teak.blog.service.serviceImpl.SysScheduledTaskServiceImpl::findByStatus] 参数详情: {"i":1}
2025-05-06 10:44:01.244 [main] INFO  com.zaxxer.hikari.HikariDataSource - HikariPool-1 - Starting...
2025-05-06 10:44:01.244 [main] INFO  com.zaxxer.hikari.HikariDataSource - HikariPool-1 - Starting...
2025-05-06 10:44:02.015 [main] INFO  com.zaxxer.hikari.pool.HikariPool - HikariPool-1 - Added connection com.mysql.cj.jdbc.ConnectionImpl@4ef28dc4
2025-05-06 10:44:02.015 [main] INFO  com.zaxxer.hikari.pool.HikariPool - HikariPool-1 - Added connection com.mysql.cj.jdbc.ConnectionImpl@4ef28dc4
2025-05-06 10:44:02.022 [main] INFO  com.zaxxer.hikari.HikariDataSource - HikariPool-1 - Start completed.
2025-05-06 10:44:02.022 [main] INFO  com.zaxxer.hikari.HikariDataSource - HikariPool-1 - Start completed.
2025-05-06 10:44:02.353 [ForkJoinPool.commonPool-worker-1] INFO  com.teak.blog.ServiceMonitorAspect - [性能监控] com.teak.blog.service.serviceImpl.SysScheduledTaskServiceImpl.findByStatus 执行耗时: 1185ms
2025-05-06 10:44:02.353 [ForkJoinPool.commonPool-worker-1] INFO  com.teak.blog.ServiceMonitorAspect - [性能监控] com.teak.blog.service.serviceImpl.SysScheduledTaskServiceImpl.findByStatus 执行耗时: 1185ms
2025-05-06 10:44:02.355 [ForkJoinPool.commonPool-worker-1] INFO  com.teak.blog.ServiceMonitorAspect - 方法 [com.teak.blog.service.serviceImpl.SysScheduledTaskServiceImpl::findByStatus] 返回: []
2025-05-06 10:44:02.355 [ForkJoinPool.commonPool-worker-1] INFO  com.teak.blog.ServiceMonitorAspect - 方法 [com.teak.blog.service.serviceImpl.SysScheduledTaskServiceImpl::findByStatus] 返回: []
2025-05-06 10:44:02.357 [main] INFO  ApplicationTest - Started ApplicationTest in 5.798 seconds (process running for 6.77)
2025-05-06 10:44:02.357 [main] INFO  ApplicationTest - Started ApplicationTest in 5.798 seconds (process running for 6.77)
2025-05-06 10:44:03.204 [main] INFO  ApplicationTest - 参数长度为:3
2025-05-06 10:44:03.204 [main] INFO  ApplicationTest - 参数长度为:3
2025-05-06 10:44:03.204 [main] INFO  ApplicationTest - 参数长度为:3
2025-05-06 10:44:03.204 [main] INFO  ApplicationTest - 参数长度为:3
2025-05-06 10:44:03.299 [SpringApplicationShutdownHook] INFO  com.teak.blog.config.AsyncConfig - 开始关闭异步线程池...
2025-05-06 10:44:03.299 [SpringApplicationShutdownHook] INFO  com.teak.blog.config.AsyncConfig - 开始关闭异步线程池...
2025-05-06 10:44:03.299 [SpringApplicationShutdownHook] INFO  com.teak.blog.config.AsyncConfig - 异步线程池已关闭
2025-05-06 10:44:03.299 [SpringApplicationShutdownHook] INFO  com.teak.blog.config.AsyncConfig - 异步线程池已关闭
2025-05-06 10:44:03.301 [SpringApplicationShutdownHook] INFO  com.zaxxer.hikari.HikariDataSource - HikariPool-1 - Shutdown initiated...
2025-05-06 10:44:03.301 [SpringApplicationShutdownHook] INFO  com.zaxxer.hikari.HikariDataSource - HikariPool-1 - Shutdown initiated...
2025-05-06 10:44:03.311 [SpringApplicationShutdownHook] INFO  com.zaxxer.hikari.HikariDataSource - HikariPool-1 - Shutdown completed.
2025-05-06 10:44:03.311 [SpringApplicationShutdownHook] INFO  com.zaxxer.hikari.HikariDataSource - HikariPool-1 - Shutdown completed.
